DEB [20240526-11:11:28.601] thr=1   paramiko.transport: starting thread (client mode): 0x83472410
DEB [20240526-11:11:28.601] thr=1   paramiko.transport: Local version/idstring: SSH-2.0-paramiko_3.4.0
DEB [20240526-11:11:28.616] thr=1   paramiko.transport: Remote version/idstring: SSH-2.0-OpenSSH_7.4
INF [20240526-11:11:28.616] thr=1   paramiko.transport: Connected (version 2.0, client OpenSSH_7.4)
DEB [20240526-11:11:28.616] thr=1   paramiko.transport: === Key exchange possibilities ===
DEB [20240526-11:11:28.616] thr=1   paramiko.transport: kex algos: curve25519-sha256, curve25519-sha256@libssh.org, ecdh-sha2-nistp256, ecdh-sha2-nistp384, ecdh-sha2-nistp521, diffie-hellman-group-exchange-sha256, diffie-hellman-group16-sha512, diffie-hellman-group18-sha512, diffie-hellman-group-exchange-sha1, diffie-hellman-group14-sha256, diffie-hellman-group14-sha1, diffie-hellman-group1-sha1
DEB [20240526-11:11:28.616] thr=1   paramiko.transport: server key: ssh-rsa, rsa-sha2-512, rsa-sha2-256, ecdsa-sha2-nistp256, ssh-ed25519
DEB [20240526-11:11:28.616] thr=1   paramiko.transport: client encrypt: chacha20-poly1305@openssh.com, aes128-ctr, aes192-ctr, aes256-ctr, aes128-gcm@openssh.com, aes256-gcm@openssh.com, aes128-cbc, aes192-cbc, aes256-cbc, blowfish-cbc, cast128-cbc, 3des-cbc
DEB [20240526-11:11:28.616] thr=1   paramiko.transport: server encrypt: chacha20-poly1305@openssh.com, aes128-ctr, aes192-ctr, aes256-ctr, aes128-gcm@openssh.com, aes256-gcm@openssh.com, aes128-cbc, aes192-cbc, aes256-cbc, blowfish-cbc, cast128-cbc, 3des-cbc
DEB [20240526-11:11:28.616] thr=1   paramiko.transport: client mac: umac-64-etm@openssh.com, umac-128-etm@openssh.com, hmac-sha2-256-etm@openssh.com, hmac-sha2-512-etm@openssh.com, hmac-sha1-etm@openssh.com, umac-64@openssh.com, umac-128@openssh.com, hmac-sha2-256, hmac-sha2-512, hmac-sha1
DEB [20240526-11:11:28.616] thr=1   paramiko.transport: server mac: umac-64-etm@openssh.com, umac-128-etm@openssh.com, hmac-sha2-256-etm@openssh.com, hmac-sha2-512-etm@openssh.com, hmac-sha1-etm@openssh.com, umac-64@openssh.com, umac-128@openssh.com, hmac-sha2-256, hmac-sha2-512, hmac-sha1
DEB [20240526-11:11:28.616] thr=1   paramiko.transport: client compress: none, zlib@openssh.com
DEB [20240526-11:11:28.616] thr=1   paramiko.transport: server compress: none, zlib@openssh.com
DEB [20240526-11:11:28.616] thr=1   paramiko.transport: client lang: <none>
DEB [20240526-11:11:28.616] thr=1   paramiko.transport: server lang: <none>
DEB [20240526-11:11:28.616] thr=1   paramiko.transport: kex follows: False
DEB [20240526-11:11:28.616] thr=1   paramiko.transport: === Key exchange agreements ===
DEB [20240526-11:11:28.616] thr=1   paramiko.transport: Kex: curve25519-sha256@libssh.org
DEB [20240526-11:11:28.616] thr=1   paramiko.transport: HostKey: ssh-ed25519
DEB [20240526-11:11:28.616] thr=1   paramiko.transport: Cipher: aes128-ctr
DEB [20240526-11:11:28.616] thr=1   paramiko.transport: MAC: hmac-sha2-256
DEB [20240526-11:11:28.616] thr=1   paramiko.transport: Compression: none
DEB [20240526-11:11:28.616] thr=1   paramiko.transport: === End of kex handshake ===
DEB [20240526-11:11:28.632] thr=1   paramiko.transport: kex engine KexCurve25519 specified hash_algo <built-in function openssl_sha256>
DEB [20240526-11:11:28.632] thr=1   paramiko.transport: Switch to new keys ...
DEB [20240526-11:11:28.632] thr=2   paramiko.transport: Adding ssh-ed25519 host key for 10.163.20.200: b'bea8fc69103f9f8486f45c809ffb35aa'
DEB [20240526-11:11:28.632] thr=1   paramiko.transport: Got EXT_INFO: {'server-sig-algs': b'rsa-sha2-256,rsa-sha2-512'}
DEB [20240526-11:11:28.663] thr=1   paramiko.transport: userauth is OK
INF [20240526-11:11:28.695] thr=1   paramiko.transport: Authentication (password) successful!
DEB [20240526-11:11:28.695] thr=2   paramiko.transport: [chan 0] Max packet in: 32768 bytes
DEB [20240526-11:11:28.710] thr=1   paramiko.transport: Received global request "hostkeys-00@openssh.com"
DEB [20240526-11:11:28.710] thr=1   paramiko.transport: Rejecting "hostkeys-00@openssh.com" global request from server.
DEB [20240526-11:11:28.773] thr=1   paramiko.transport: [chan 0] Max packet out: 32768 bytes
DEB [20240526-11:11:28.774] thr=1   paramiko.transport: Secsh channel 0 opened.
DEB [20240526-11:11:28.775] thr=1   paramiko.transport: [chan 0] Sesch channel 0 request ok
DEB [20240526-11:11:28.778] thr=1   paramiko.transport: [chan 0] Sesch channel 0 request ok
DEB [20240526-11:11:51.417] thr=1   paramiko.transport: EOF in transport thread
DEB [20240526-11:18:13.000] thr=1   paramiko.transport: starting thread (client mode): 0x197a0550
DEB [20240526-11:18:13.000] thr=1   paramiko.transport: Local version/idstring: SSH-2.0-paramiko_3.4.0
DEB [20240526-11:18:13.016] thr=1   paramiko.transport: Remote version/idstring: SSH-2.0-OpenSSH_7.4
INF [20240526-11:18:13.016] thr=1   paramiko.transport: Connected (version 2.0, client OpenSSH_7.4)
DEB [20240526-11:18:13.016] thr=1   paramiko.transport: === Key exchange possibilities ===
DEB [20240526-11:18:13.016] thr=1   paramiko.transport: kex algos: curve25519-sha256, curve25519-sha256@libssh.org, ecdh-sha2-nistp256, ecdh-sha2-nistp384, ecdh-sha2-nistp521, diffie-hellman-group-exchange-sha256, diffie-hellman-group16-sha512, diffie-hellman-group18-sha512, diffie-hellman-group-exchange-sha1, diffie-hellman-group14-sha256, diffie-hellman-group14-sha1, diffie-hellman-group1-sha1
DEB [20240526-11:18:13.016] thr=1   paramiko.transport: server key: ssh-rsa, rsa-sha2-512, rsa-sha2-256, ecdsa-sha2-nistp256, ssh-ed25519
DEB [20240526-11:18:13.016] thr=1   paramiko.transport: client encrypt: chacha20-poly1305@openssh.com, aes128-ctr, aes192-ctr, aes256-ctr, aes128-gcm@openssh.com, aes256-gcm@openssh.com, aes128-cbc, aes192-cbc, aes256-cbc, blowfish-cbc, cast128-cbc, 3des-cbc
DEB [20240526-11:18:13.016] thr=1   paramiko.transport: server encrypt: chacha20-poly1305@openssh.com, aes128-ctr, aes192-ctr, aes256-ctr, aes128-gcm@openssh.com, aes256-gcm@openssh.com, aes128-cbc, aes192-cbc, aes256-cbc, blowfish-cbc, cast128-cbc, 3des-cbc
DEB [20240526-11:18:13.016] thr=1   paramiko.transport: client mac: umac-64-etm@openssh.com, umac-128-etm@openssh.com, hmac-sha2-256-etm@openssh.com, hmac-sha2-512-etm@openssh.com, hmac-sha1-etm@openssh.com, umac-64@openssh.com, umac-128@openssh.com, hmac-sha2-256, hmac-sha2-512, hmac-sha1
DEB [20240526-11:18:13.016] thr=1   paramiko.transport: server mac: umac-64-etm@openssh.com, umac-128-etm@openssh.com, hmac-sha2-256-etm@openssh.com, hmac-sha2-512-etm@openssh.com, hmac-sha1-etm@openssh.com, umac-64@openssh.com, umac-128@openssh.com, hmac-sha2-256, hmac-sha2-512, hmac-sha1
DEB [20240526-11:18:13.016] thr=1   paramiko.transport: client compress: none, zlib@openssh.com
DEB [20240526-11:18:13.016] thr=1   paramiko.transport: server compress: none, zlib@openssh.com
DEB [20240526-11:18:13.016] thr=1   paramiko.transport: client lang: <none>
DEB [20240526-11:18:13.016] thr=1   paramiko.transport: server lang: <none>
DEB [20240526-11:18:13.016] thr=1   paramiko.transport: kex follows: False
DEB [20240526-11:18:13.016] thr=1   paramiko.transport: === Key exchange agreements ===
DEB [20240526-11:18:13.016] thr=1   paramiko.transport: Kex: curve25519-sha256@libssh.org
DEB [20240526-11:18:13.016] thr=1   paramiko.transport: HostKey: ssh-ed25519
DEB [20240526-11:18:13.016] thr=1   paramiko.transport: Cipher: aes128-ctr
DEB [20240526-11:18:13.016] thr=1   paramiko.transport: MAC: hmac-sha2-256
DEB [20240526-11:18:13.016] thr=1   paramiko.transport: Compression: none
DEB [20240526-11:18:13.016] thr=1   paramiko.transport: === End of kex handshake ===
DEB [20240526-11:18:13.031] thr=1   paramiko.transport: kex engine KexCurve25519 specified hash_algo <built-in function openssl_sha256>
DEB [20240526-11:18:13.031] thr=1   paramiko.transport: Switch to new keys ...
DEB [20240526-11:18:13.031] thr=1   paramiko.transport: Got EXT_INFO: {'server-sig-algs': b'rsa-sha2-256,rsa-sha2-512'}
DEB [20240526-11:18:13.031] thr=2   paramiko.transport: Adding ssh-ed25519 host key for 10.163.20.200: b'bea8fc69103f9f8486f45c809ffb35aa'
DEB [20240526-11:18:13.083] thr=1   paramiko.transport: userauth is OK
INF [20240526-11:18:13.136] thr=1   paramiko.transport: Authentication (password) successful!
DEB [20240526-11:18:13.137] thr=2   paramiko.transport: [chan 0] Max packet in: 32768 bytes
DEB [20240526-11:18:13.219] thr=1   paramiko.transport: Received global request "hostkeys-00@openssh.com"
DEB [20240526-11:18:13.219] thr=1   paramiko.transport: Rejecting "hostkeys-00@openssh.com" global request from server.
DEB [20240526-11:18:13.270] thr=1   paramiko.transport: [chan 0] Max packet out: 32768 bytes
DEB [20240526-11:18:13.270] thr=1   paramiko.transport: Secsh channel 0 opened.
DEB [20240526-11:18:13.272] thr=1   paramiko.transport: [chan 0] Sesch channel 0 request ok
DEB [20240526-11:18:13.274] thr=1   paramiko.transport: [chan 0] Sesch channel 0 request ok
DEB [20240526-11:21:50.215] thr=1   paramiko.transport: starting thread (client mode): 0x2b6c0640
DEB [20240526-11:21:50.215] thr=1   paramiko.transport: Local version/idstring: SSH-2.0-paramiko_3.4.0
DEB [20240526-11:21:50.231] thr=1   paramiko.transport: Remote version/idstring: SSH-2.0-OpenSSH_7.4
INF [20240526-11:21:50.231] thr=1   paramiko.transport: Connected (version 2.0, client OpenSSH_7.4)
DEB [20240526-11:21:50.231] thr=1   paramiko.transport: === Key exchange possibilities ===
DEB [20240526-11:21:50.231] thr=1   paramiko.transport: kex algos: curve25519-sha256, curve25519-sha256@libssh.org, ecdh-sha2-nistp256, ecdh-sha2-nistp384, ecdh-sha2-nistp521, diffie-hellman-group-exchange-sha256, diffie-hellman-group16-sha512, diffie-hellman-group18-sha512, diffie-hellman-group-exchange-sha1, diffie-hellman-group14-sha256, diffie-hellman-group14-sha1, diffie-hellman-group1-sha1
DEB [20240526-11:21:50.231] thr=1   paramiko.transport: server key: ssh-rsa, rsa-sha2-512, rsa-sha2-256, ecdsa-sha2-nistp256, ssh-ed25519
DEB [20240526-11:21:50.231] thr=1   paramiko.transport: client encrypt: chacha20-poly1305@openssh.com, aes128-ctr, aes192-ctr, aes256-ctr, aes128-gcm@openssh.com, aes256-gcm@openssh.com, aes128-cbc, aes192-cbc, aes256-cbc, blowfish-cbc, cast128-cbc, 3des-cbc
DEB [20240526-11:21:50.231] thr=1   paramiko.transport: server encrypt: chacha20-poly1305@openssh.com, aes128-ctr, aes192-ctr, aes256-ctr, aes128-gcm@openssh.com, aes256-gcm@openssh.com, aes128-cbc, aes192-cbc, aes256-cbc, blowfish-cbc, cast128-cbc, 3des-cbc
DEB [20240526-11:21:50.231] thr=1   paramiko.transport: client mac: umac-64-etm@openssh.com, umac-128-etm@openssh.com, hmac-sha2-256-etm@openssh.com, hmac-sha2-512-etm@openssh.com, hmac-sha1-etm@openssh.com, umac-64@openssh.com, umac-128@openssh.com, hmac-sha2-256, hmac-sha2-512, hmac-sha1
DEB [20240526-11:21:50.231] thr=1   paramiko.transport: server mac: umac-64-etm@openssh.com, umac-128-etm@openssh.com, hmac-sha2-256-etm@openssh.com, hmac-sha2-512-etm@openssh.com, hmac-sha1-etm@openssh.com, umac-64@openssh.com, umac-128@openssh.com, hmac-sha2-256, hmac-sha2-512, hmac-sha1
DEB [20240526-11:21:50.231] thr=1   paramiko.transport: client compress: none, zlib@openssh.com
DEB [20240526-11:21:50.231] thr=1   paramiko.transport: server compress: none, zlib@openssh.com
DEB [20240526-11:21:50.231] thr=1   paramiko.transport: client lang: <none>
DEB [20240526-11:21:50.231] thr=1   paramiko.transport: server lang: <none>
DEB [20240526-11:21:50.231] thr=1   paramiko.transport: kex follows: False
DEB [20240526-11:21:50.231] thr=1   paramiko.transport: === Key exchange agreements ===
DEB [20240526-11:21:50.231] thr=1   paramiko.transport: Kex: curve25519-sha256@libssh.org
DEB [20240526-11:21:50.231] thr=1   paramiko.transport: HostKey: ssh-ed25519
DEB [20240526-11:21:50.231] thr=1   paramiko.transport: Cipher: aes128-ctr
DEB [20240526-11:21:50.231] thr=1   paramiko.transport: MAC: hmac-sha2-256
DEB [20240526-11:21:50.231] thr=1   paramiko.transport: Compression: none
DEB [20240526-11:21:50.231] thr=1   paramiko.transport: === End of kex handshake ===
DEB [20240526-11:21:50.247] thr=1   paramiko.transport: kex engine KexCurve25519 specified hash_algo <built-in function openssl_sha256>
DEB [20240526-11:21:50.247] thr=1   paramiko.transport: Switch to new keys ...
DEB [20240526-11:21:50.247] thr=2   paramiko.transport: Adding ssh-ed25519 host key for 10.163.20.200: b'bea8fc69103f9f8486f45c809ffb35aa'
DEB [20240526-11:21:50.247] thr=1   paramiko.transport: Got EXT_INFO: {'server-sig-algs': b'rsa-sha2-256,rsa-sha2-512'}
DEB [20240526-11:21:50.278] thr=1   paramiko.transport: userauth is OK
INF [20240526-11:21:50.325] thr=1   paramiko.transport: Authentication (password) successful!
DEB [20240526-11:21:50.325] thr=2   paramiko.transport: [chan 0] Max packet in: 32768 bytes
DEB [20240526-11:21:50.325] thr=1   paramiko.transport: Received global request "hostkeys-00@openssh.com"
DEB [20240526-11:21:50.325] thr=1   paramiko.transport: Rejecting "hostkeys-00@openssh.com" global request from server.
DEB [20240526-11:21:50.388] thr=1   paramiko.transport: [chan 0] Max packet out: 32768 bytes
DEB [20240526-11:21:50.388] thr=1   paramiko.transport: Secsh channel 0 opened.
DEB [20240526-11:21:50.390] thr=1   paramiko.transport: [chan 0] Sesch channel 0 request ok
DEB [20240526-11:21:50.392] thr=1   paramiko.transport: [chan 0] Sesch channel 0 request ok
DEB [20240526-11:22:02.441] thr=1   paramiko.transport: EOF in transport thread
DEB [20240526-11:22:21.781] thr=1   paramiko.transport: starting thread (client mode): 0x2d2a0640
DEB [20240526-11:22:21.781] thr=1   paramiko.transport: Local version/idstring: SSH-2.0-paramiko_3.4.0
DEB [20240526-11:22:21.797] thr=1   paramiko.transport: Remote version/idstring: SSH-2.0-OpenSSH_7.4
INF [20240526-11:22:21.797] thr=1   paramiko.transport: Connected (version 2.0, client OpenSSH_7.4)
DEB [20240526-11:22:21.797] thr=1   paramiko.transport: === Key exchange possibilities ===
DEB [20240526-11:22:21.797] thr=1   paramiko.transport: kex algos: curve25519-sha256, curve25519-sha256@libssh.org, ecdh-sha2-nistp256, ecdh-sha2-nistp384, ecdh-sha2-nistp521, diffie-hellman-group-exchange-sha256, diffie-hellman-group16-sha512, diffie-hellman-group18-sha512, diffie-hellman-group-exchange-sha1, diffie-hellman-group14-sha256, diffie-hellman-group14-sha1, diffie-hellman-group1-sha1
DEB [20240526-11:22:21.797] thr=1   paramiko.transport: server key: ssh-rsa, rsa-sha2-512, rsa-sha2-256, ecdsa-sha2-nistp256, ssh-ed25519
DEB [20240526-11:22:21.797] thr=1   paramiko.transport: client encrypt: chacha20-poly1305@openssh.com, aes128-ctr, aes192-ctr, aes256-ctr, aes128-gcm@openssh.com, aes256-gcm@openssh.com, aes128-cbc, aes192-cbc, aes256-cbc, blowfish-cbc, cast128-cbc, 3des-cbc
DEB [20240526-11:22:21.797] thr=1   paramiko.transport: server encrypt: chacha20-poly1305@openssh.com, aes128-ctr, aes192-ctr, aes256-ctr, aes128-gcm@openssh.com, aes256-gcm@openssh.com, aes128-cbc, aes192-cbc, aes256-cbc, blowfish-cbc, cast128-cbc, 3des-cbc
DEB [20240526-11:22:21.797] thr=1   paramiko.transport: client mac: umac-64-etm@openssh.com, umac-128-etm@openssh.com, hmac-sha2-256-etm@openssh.com, hmac-sha2-512-etm@openssh.com, hmac-sha1-etm@openssh.com, umac-64@openssh.com, umac-128@openssh.com, hmac-sha2-256, hmac-sha2-512, hmac-sha1
DEB [20240526-11:22:21.797] thr=1   paramiko.transport: server mac: umac-64-etm@openssh.com, umac-128-etm@openssh.com, hmac-sha2-256-etm@openssh.com, hmac-sha2-512-etm@openssh.com, hmac-sha1-etm@openssh.com, umac-64@openssh.com, umac-128@openssh.com, hmac-sha2-256, hmac-sha2-512, hmac-sha1
DEB [20240526-11:22:21.797] thr=1   paramiko.transport: client compress: none, zlib@openssh.com
DEB [20240526-11:22:21.797] thr=1   paramiko.transport: server compress: none, zlib@openssh.com
DEB [20240526-11:22:21.797] thr=1   paramiko.transport: client lang: <none>
DEB [20240526-11:22:21.797] thr=1   paramiko.transport: server lang: <none>
DEB [20240526-11:22:21.797] thr=1   paramiko.transport: kex follows: False
DEB [20240526-11:22:21.797] thr=1   paramiko.transport: === Key exchange agreements ===
DEB [20240526-11:22:21.797] thr=1   paramiko.transport: Kex: curve25519-sha256@libssh.org
DEB [20240526-11:22:21.797] thr=1   paramiko.transport: HostKey: ssh-ed25519
DEB [20240526-11:22:21.797] thr=1   paramiko.transport: Cipher: aes128-ctr
DEB [20240526-11:22:21.797] thr=1   paramiko.transport: MAC: hmac-sha2-256
DEB [20240526-11:22:21.797] thr=1   paramiko.transport: Compression: none
DEB [20240526-11:22:21.797] thr=1   paramiko.transport: === End of kex handshake ===
DEB [20240526-11:22:21.812] thr=1   paramiko.transport: kex engine KexCurve25519 specified hash_algo <built-in function openssl_sha256>
DEB [20240526-11:22:21.812] thr=1   paramiko.transport: Switch to new keys ...
DEB [20240526-11:22:21.812] thr=1   paramiko.transport: Got EXT_INFO: {'server-sig-algs': b'rsa-sha2-256,rsa-sha2-512'}
DEB [20240526-11:22:21.812] thr=2   paramiko.transport: Adding ssh-ed25519 host key for 10.163.20.200: b'bea8fc69103f9f8486f45c809ffb35aa'
DEB [20240526-11:22:21.859] thr=1   paramiko.transport: userauth is OK
INF [20240526-11:22:21.906] thr=1   paramiko.transport: Authentication (password) successful!
DEB [20240526-11:22:21.906] thr=2   paramiko.transport: [chan 0] Max packet in: 32768 bytes
DEB [20240526-11:22:21.906] thr=1   paramiko.transport: Received global request "hostkeys-00@openssh.com"
DEB [20240526-11:22:21.906] thr=1   paramiko.transport: Rejecting "hostkeys-00@openssh.com" global request from server.
DEB [20240526-11:22:21.969] thr=1   paramiko.transport: [chan 0] Max packet out: 32768 bytes
DEB [20240526-11:22:21.969] thr=1   paramiko.transport: Secsh channel 0 opened.
DEB [20240526-11:22:21.969] thr=1   paramiko.transport: [chan 0] Sesch channel 0 request ok
DEB [20240526-11:22:21.969] thr=1   paramiko.transport: [chan 0] Sesch channel 0 request ok
DEB [20240526-11:22:34.056] thr=1   paramiko.transport: EOF in transport thread
DEB [20240526-11:25:40.364] thr=1   paramiko.transport: starting thread (client mode): 0x678e0670
DEB [20240526-11:25:40.364] thr=1   paramiko.transport: Local version/idstring: SSH-2.0-paramiko_3.4.0
DEB [20240526-11:25:40.364] thr=1   paramiko.transport: Remote version/idstring: SSH-2.0-OpenSSH_7.4
INF [20240526-11:25:40.364] thr=1   paramiko.transport: Connected (version 2.0, client OpenSSH_7.4)
DEB [20240526-11:25:40.379] thr=1   paramiko.transport: === Key exchange possibilities ===
DEB [20240526-11:25:40.379] thr=1   paramiko.transport: kex algos: curve25519-sha256, curve25519-sha256@libssh.org, ecdh-sha2-nistp256, ecdh-sha2-nistp384, ecdh-sha2-nistp521, diffie-hellman-group-exchange-sha256, diffie-hellman-group16-sha512, diffie-hellman-group18-sha512, diffie-hellman-group-exchange-sha1, diffie-hellman-group14-sha256, diffie-hellman-group14-sha1, diffie-hellman-group1-sha1
DEB [20240526-11:25:40.379] thr=1   paramiko.transport: server key: ssh-rsa, rsa-sha2-512, rsa-sha2-256, ecdsa-sha2-nistp256, ssh-ed25519
DEB [20240526-11:25:40.379] thr=1   paramiko.transport: client encrypt: chacha20-poly1305@openssh.com, aes128-ctr, aes192-ctr, aes256-ctr, aes128-gcm@openssh.com, aes256-gcm@openssh.com, aes128-cbc, aes192-cbc, aes256-cbc, blowfish-cbc, cast128-cbc, 3des-cbc
DEB [20240526-11:25:40.379] thr=1   paramiko.transport: server encrypt: chacha20-poly1305@openssh.com, aes128-ctr, aes192-ctr, aes256-ctr, aes128-gcm@openssh.com, aes256-gcm@openssh.com, aes128-cbc, aes192-cbc, aes256-cbc, blowfish-cbc, cast128-cbc, 3des-cbc
DEB [20240526-11:25:40.379] thr=1   paramiko.transport: client mac: umac-64-etm@openssh.com, umac-128-etm@openssh.com, hmac-sha2-256-etm@openssh.com, hmac-sha2-512-etm@openssh.com, hmac-sha1-etm@openssh.com, umac-64@openssh.com, umac-128@openssh.com, hmac-sha2-256, hmac-sha2-512, hmac-sha1
DEB [20240526-11:25:40.379] thr=1   paramiko.transport: server mac: umac-64-etm@openssh.com, umac-128-etm@openssh.com, hmac-sha2-256-etm@openssh.com, hmac-sha2-512-etm@openssh.com, hmac-sha1-etm@openssh.com, umac-64@openssh.com, umac-128@openssh.com, hmac-sha2-256, hmac-sha2-512, hmac-sha1
DEB [20240526-11:25:40.379] thr=1   paramiko.transport: client compress: none, zlib@openssh.com
DEB [20240526-11:25:40.379] thr=1   paramiko.transport: server compress: none, zlib@openssh.com
DEB [20240526-11:25:40.379] thr=1   paramiko.transport: client lang: <none>
DEB [20240526-11:25:40.379] thr=1   paramiko.transport: server lang: <none>
DEB [20240526-11:25:40.379] thr=1   paramiko.transport: kex follows: False
DEB [20240526-11:25:40.379] thr=1   paramiko.transport: === Key exchange agreements ===
DEB [20240526-11:25:40.379] thr=1   paramiko.transport: Kex: curve25519-sha256@libssh.org
DEB [20240526-11:25:40.379] thr=1   paramiko.transport: HostKey: ssh-ed25519
DEB [20240526-11:25:40.379] thr=1   paramiko.transport: Cipher: aes128-ctr
DEB [20240526-11:25:40.379] thr=1   paramiko.transport: MAC: hmac-sha2-256
DEB [20240526-11:25:40.379] thr=1   paramiko.transport: Compression: none
DEB [20240526-11:25:40.379] thr=1   paramiko.transport: === End of kex handshake ===
DEB [20240526-11:25:40.379] thr=1   paramiko.transport: kex engine KexCurve25519 specified hash_algo <built-in function openssl_sha256>
DEB [20240526-11:25:40.395] thr=1   paramiko.transport: Switch to new keys ...
DEB [20240526-11:25:40.395] thr=2   paramiko.transport: Adding ssh-ed25519 host key for 10.163.20.200: b'bea8fc69103f9f8486f45c809ffb35aa'
DEB [20240526-11:25:40.395] thr=1   paramiko.transport: Got EXT_INFO: {'server-sig-algs': b'rsa-sha2-256,rsa-sha2-512'}
DEB [20240526-11:25:40.426] thr=1   paramiko.transport: userauth is OK
INF [20240526-11:25:40.489] thr=1   paramiko.transport: Authentication (password) successful!
DEB [20240526-11:25:40.489] thr=2   paramiko.transport: [chan 0] Max packet in: 32768 bytes
DEB [20240526-11:25:40.500] thr=1   paramiko.transport: Received global request "hostkeys-00@openssh.com"
DEB [20240526-11:25:40.500] thr=1   paramiko.transport: Rejecting "hostkeys-00@openssh.com" global request from server.
DEB [20240526-11:25:40.548] thr=1   paramiko.transport: [chan 0] Max packet out: 32768 bytes
DEB [20240526-11:25:40.549] thr=1   paramiko.transport: Secsh channel 0 opened.
DEB [20240526-11:25:40.551] thr=1   paramiko.transport: [chan 0] Sesch channel 0 request ok
DEB [20240526-11:25:40.553] thr=1   paramiko.transport: [chan 0] Sesch channel 0 request ok
DEB [20240526-11:26:03.361] thr=1   paramiko.transport: EOF in transport thread
